#
# There is insufficient memory for the Java Runtime Environment to continue.
# Native memory allocation (malloc) failed to allocate 144416 bytes for Chunk::new
# Possible reasons:
#   The system is out of physical RAM or swap space
#   The process is running with CompressedOops enabled, and the Java Heap may be blocking the growth of the native heap
# Possible solutions:
#   Reduce memory load on the system
#   Increase physical memory or swap space
#   Check if swap backing store is full
#   Decrease Java heap size (-Xmx/-Xms)
#   Decrease number of Java threads
#   Decrease Java thread stack sizes (-Xss)
#   Set larger code cache with -XX:ReservedCodeCacheSize=
#   JVM is running with Unscaled Compressed Oops mode in which the Java heap is
#     placed in the first 4GB address space. The Java Heap base address is the
#     maximum limit for the native heap growth. Please use -XX:HeapBaseMinAddress
#     to set the Java Heap base and to place the Java Heap above 4GB virtual address.
# This output file may be truncated or incomplete.
#
#  Out of Memory Error (arena.cpp:168), pid=18608, tid=10596
#
# JRE version: Java(TM) SE Runtime Environment (21.0.1+12) (build 21.0.1+12-LTS-29)
# Java VM: Java HotSpot(TM) 64-Bit Server VM (21.0.1+12-LTS-29, mixed mode, sharing, tiered, compressed oops, compressed class ptrs, g1 gc, windows-amd64)
# No core dump will be written. Minidumps are not enabled by default on client versions of Windows
#

---------------  S U M M A R Y ------------

Command Line: -javaagent:C:\Program Files\JetBrains\IntelliJ IDEA Community Edition 2023.3.2\lib\idea_rt.jar=58731:C:\Program Files\JetBrains\IntelliJ IDEA Community Edition 2023.3.2\bin -Dfile.encoding=UTF-8 -Dsun.stdout.encoding=UTF-8 -Dsun.stderr.encoding=UTF-8 Condicional

Host: Intel(R) Core(TM) i5-10500T CPU @ 2.30GHz, 12 cores, 7G,  Windows 10 , 64 bit Build 19041 (10.0.19041.3636)
Time: Wed Jun  5 16:31:40 2024 Hora oficial do Brasil elapsed time: 0.083058 seconds (0d 0h 0m 0s)

---------------  T H R E A D  ---------------

Current thread (0x0000025f5bea1800):  JavaThread "C2 CompilerThread0" daemon [_thread_in_native, id=10596, stack(0x000000e1f3400000,0x000000e1f3500000) (1024K)]


Current CompileTask:
C2:     83  140       4       java.util.HashMap::putVal (300 bytes)

Stack: [0x000000e1f3400000,0x000000e1f3500000]
Native frames: (J=compiled Java code, j=interpreted, Vv=VM code, C=native code)
V  [jvm.dll+0x6c9029]
V  [jvm.dll+0x854b81]
V  [jvm.dll+0x856e5e]
V  [jvm.dll+0x857543]
V  [jvm.dll+0x280c06]
V  [jvm.dll+0xc3ead]
V  [jvm.dll+0xc43c3]
V  [jvm.dll+0x2f3f3f]
V  [jvm.dll+0x5f40a6]
V  [jvm.dll+0x252bef]
V  [jvm.dll+0x24b031]
V  [jvm.dll+0x248fa3]
V  [jvm.dll+0x1c9ca1]
V  [jvm.dll+0x2586b9]
V  [jvm.dll+0x256c9a]
V  [jvm.dll+0x3ef1b6]
V  [jvm.dll+0x7fd728]
V  [jvm.dll+0x6c777d]
C  [ucrtbase.dll+0x21bb2]
C  [KERNEL32.DLL+0x17344]
C  [ntdll.dll+0x526b1]


---------------  P R O C E S S  ---------------

Threads class SMR info:
_java_thread_list=0x0000025fa11d6af0, length=10, elements={
0x0000025f3d263ef0, 0x0000025f5be939b0, 0x0000025f5be956e0, 0x0000025f5be972b0,
0x0000025f5be97f90, 0x0000025f5be99210, 0x0000025f5be99c70, 0x0000025f5bea1800,
0x0000025f5bea46e0, 0x0000025fa11dd810
}

Java Threads: ( => current thread )
  0x0000025f3d263ef0 JavaThread "main"                              [_thread_in_Java, id=18644, stack(0x000000e1f2600000,0x000000e1f2700000) (1024K)]
  0x0000025f5be939b0 JavaThread "Reference Handler"          daemon [_thread_blocked, id=13004, stack(0x000000e1f2e00000,0x000000e1f2f00000) (1024K)]
  0x0000025f5be956e0 JavaThread "Finalizer"                  daemon [_thread_blocked, id=6404, stack(0x000000e1f2f00000,0x000000e1f3000000) (1024K)]
  0x0000025f5be972b0 JavaThread "Signal Dispatcher"          daemon [_thread_blocked, id=9620, stack(0x000000e1f3000000,0x000000e1f3100000) (1024K)]
  0x0000025f5be97f90 JavaThread "Attach Listener"            daemon [_thread_blocked, id=12556, stack(0x000000e1f3100000,0x000000e1f3200000) (1024K)]
  0x0000025f5be99210 JavaThread "Service Thread"             daemon [_thread_blocked, id=11776, stack(0x000000e1f3200000,0x000000e1f3300000) (1024K)]
  0x0000025f5be99c70 JavaThread "Monitor Deflation Thread"   daemon [_thread_blocked, id=8164, stack(0x000000e1f3300000,0x000000e1f3400000) (1024K)]
=>0x0000025f5bea1800 JavaThread "C2 CompilerThread0"         daemon [_thread_in_native, id=10596, stack(0x000000e1f3400000,0x000000e1f3500000) (1024K)]
  0x0000025f5bea46e0 JavaThread "C1 CompilerThread0"         daemon [_thread_in_vm, id=2700, stack(0x000000e1f3500000,0x000000e1f3600000) (1024K)]
  0x0000025fa11dd810 JavaThread "Common-Cleaner"             daemon [_thread_blocked, id=9452, stack(0x000000e1f3600000,0x000000e1f3700000) (1024K)]
Total: 10

Other Threads:
  0x0000025f5be74bd0 VMThread "VM Thread"                           [id=10032, stack(0x000000e1f2d00000,0x000000e1f2e00000) (1024K)]
  0x0000025f5be57210 WatcherThread "VM Periodic Task Thread"        [id=13888, stack(0x000000e1f2c00000,0x000000e1f2d00000) (1024K)]
  0x0000025f3d2bd570 WorkerThread "GC Thread#0"                     [id=14244, stack(0x000000e1f2700000,0x000000e1f2800000) (1024K)]
  0x0000025f3d2cde40 ConcurrentGCThread "G1 Main Marker"            [id=9000, stack(0x000000e1f2800000,0x000000e1f2900000) (1024K)]
  0x0000025f3d2cf0e0 WorkerThread "G1 Conc#0"                       [id=836, stack(0x000000e1f2900000,0x000000e1f2a00000) (1024K)]
  0x0000025f3d33e560 ConcurrentGCThread "G1 Refine#0"               [id=5448, stack(0x000000e1f2a00000,0x000000e1f2b00000) (1024K)]
  0x0000025f5bd2b270 ConcurrentGCThread "G1 Service"                [id=6856, stack(0x000000e1f2b00000,0x000000e1f2c00000) (1024K)]
Total: 7

Threads with active compile tasks:
C2 CompilerThread0      106  140       4       java.util.HashMap::putVal (300 bytes)
C1 CompilerThread0      106  192       3       jdk.internal.org.objectweb.asm.Symbol::<init> (38 bytes)
Total: 2

VM state: not at safepoint (normal execution)

VM Mutex/Monitor currently owned by a thread:  ([mutex/lock_event])
[0x00007ff982938578] Metaspace_lock - owner thread: 0x0000025f5bea46e0

Heap address: 0x0000000084600000, size: 1978 MB, Compressed Oops mode: 32-bit

CDS archive(s) mapped at: [0x0000025f5c000000-0x0000025f5cc90000-0x0000025f5cc90000), size 13172736, SharedBaseAddress: 0x0000025f5c000000, ArchiveRelocationMode: 1.
Compressed class space mapped at: 0x0000025f5d000000-0x0000025f9d000000, reserved size: 1073741824
Narrow klass base: 0x0000025f5c000000, Narrow klass shift: 0, Narrow klass range: 0x100000000

GC Precious Log:
 CardTable entry size: 512
 Card Set container configuration: InlinePtr #cards 5 size 8 Array Of Cards #cards 12 size 40 Howl #buckets 4 coarsen threshold 1843 Howl Bitmap #cards 512 size 80 coarsen threshold 460 Card regions per heap region 1 cards per card region 2048
 CPUs: 12 total, 12 available
 Memory: 7906M
 Large Page Support: Disabled
 NUMA Support: Disabled
 Compressed Oops: Enabled (32-bit)
 Heap Region Size: 1M
 Heap Min Capacity: 8M
 Heap Initial Capacity: 124M
 Heap Max Capacity: 1978M
 Pre-touch: Disabled
 Parallel Workers: 10
 Concurrent Workers: 3
 Concurrent Refinement Workers: 10
 Periodic GC: Disabled

Heap:
 garbage-first heap   total 126976K, used 2048K [0x0000000084600000, 0x0000000100000000)
  region size 1024K, 3 young (3072K), 0 survivors (0K)
 Metaspace       used 346K, committed 512K, reserved 1114112K
  class space    used 18K, committed 128K, reserved 1048576K

Heap Regions: E=young(eden), S=young(survivor), O=old, HS=humongous(starts), HC=humongous(continues), CS=collection set, F=free, TAMS=top-at-mark-start, PB=parsable bottom
|   0|0x0000000084600000, 0x0000000084600000, 0x0000000084700000|  0%| F|  |TAMS 0x0000000084600000| PB 0x0000000084600000| Untracked 
|   1|0x0000000084700000, 0x0000000084700000, 0x0000000084800000|  0%| F|  |TAMS 0x0000000084700000| PB 0x0000000084700000| Untracked 
|   2|0x0000000084800000, 0x0000000084800000, 0x0000000084900000|  0%| F|  |TAMS 0x0000000084800000| PB 0x0000000084800000| Untracked 
|   3|0x0000000084900000, 0x0000000084900000, 0x0000000084a00000|  0%| F|  |TAMS 0x0000000084900000| PB 0x0000000084900000| Untracked 
|   4|0x0000000084a00000, 0x0000000084a00000, 0x0000000084b00000|  0%| F|  |TAMS 0x0000000084a00000| PB 0x0000000084a00000| Untracked 
|   5|0x0000000084b00000, 0x0000000084b00000, 0x0000000084c00000|  0%| F|  |TAMS 0x0000000084b00000| PB 0x0000000084b00000| Untracked 
|   6|0x0000000084c00000, 0x0000000084c00000, 0x0000000084d00000|  0%| F|  |TAMS 0x0000000084c00000| PB 0x0000000084c00000| Untracked 
|   7|0x0000000084d00000, 0x0000000084d00000, 0x0000000084e00000|  0%| F|  |TAMS 0x0000000084d00000| PB 0x0000000084d00000| Untracked 
|   8|0x0000000084e00000, 0x0000000084e00000, 0x0000000084f00000|  0%| F|  |TAMS 0x0000000084e00000| PB 0x0000000084e00000| Untracked 
|   9|0x0000000084f00000, 0x0000000084f00000, 0x0000000085000000|  0%| F|  |TAMS 0x0000000084f00000| PB 0x0000000084f00000| Untracked 
|  10|0x0000000085000000, 0x0000000085000000, 0x0000000085100000|  0%| F|  |TAMS 0x0000000085000000| PB 0x0000000085000000| Untracked 
|  11|0x0000000085100000, 0x0000000085100000, 0x0000000085200000|  0%| F|  |TAMS 0x0000000085100000| PB 0x0000000085100000| Untracked 
|  12|0x0000000085200000, 0x0000000085200000, 0x0000000085300000|  0%| F|  |TAMS 0x0000000085200000| PB 0x0000000085200000| Untracked 
|  13|0x0000000085300000, 0x0000000085300000, 0x0000000085400000|  0%| F|  |TAMS 0x0000000085300000| PB 0x0000000085300000| Untracked 
|  14|0x0000000085400000, 0x0000000085400000, 0x0000000085500000|  0%| F|  |TAMS 0x0000000085400000| PB 0x0000000085400000| Untracked 
|  15|0x0000000085500000, 0x0000000085500000, 0x0000000085600000|  0%| F|  |TAMS 0x0000000085500000| PB 0x0000000085500000| Untracked 
|  16|0x0000000085600000, 0x0000000085600000, 0x0000000085700000|  0%| F|  |TAMS 0x0000000085600000| PB 0x0000000085600000| Untracked 
|  17|0x0000000085700000, 0x0000000085700000, 0x0000000085800000|  0%| F|  |TAMS 0x0000000085700000| PB 0x0000000085700000| Untracked 
|  18|0x0000000085800000, 0x0000000085800000, 0x0000000085900000|  0%| F|  |TAMS 0x0000000085800000| PB 0x0000000085800000| Untracked 
|  19|0x0000000085900000, 0x0000000085900000, 0x0000000085a00000|  0%| F|  |TAMS 0x0000000085900000| PB 0x0000000085900000| Untracked 
|  20|0x0000000085a00000, 0x0000000085a00000, 0x0000000085b00000|  0%| F|  |TAMS 0x0000000085a00000| PB 0x0000000085a00000| Untracked 
|  21|0x0000000085b00000, 0x0000000085b00000, 0x0000000085c00000|  0%| F|  |TAMS 0x0000000085b00000| PB 0x0000000085b00000| Untracked 
|  22|0x0000000085c00000, 0x0000000085c00000, 0x0000000085d00000|  0%| F|  |TAMS 0x0000000085c00000| PB 0x0000000085c00000| Untracked 
|  23|0x0000000085d00000, 0x0000000085d00000, 0x0000000085e00000|  0%| F|  |TAMS 0x0000000085d00000| PB 0x0000000085d00000| Untracked 
|  24|0x0000000085e00000, 0x0000000085e00000, 0x0000000085f00000|  0%| F|  |TAMS 0x0000000085e00000| PB 0x0000000085e00000| Untracked 
|  25|0x0000000085f00000, 0x0000000085f00000, 0x0000000086000000|  0%| F|  |TAMS 0x0000000085f00000| PB 0x0000000085f00000| Untracked 
|  26|0x0000000086000000, 0x0000000086000000, 0x0000000086100000|  0%| F|  |TAMS 0x0000000086000000| PB 0x0000000086000000| Untracked 
|  27|0x0000000086100000, 0x0000000086100000, 0x0000000086200000|  0%| F|  |TAMS 0x0000000086100000| PB 0x0000000086100000| Untracked 
|  28|0x0000000086200000, 0x0000000086200000, 0x0000000086300000|  0%| F|  |TAMS 0x0000000086200000| PB 0x0000000086200000| Untracked 
|  29|0x0000000086300000, 0x0000000086300000, 0x0000000086400000|  0%| F|  |TAMS 0x0000000086300000| PB 0x0000000086300000| Untracked 
|  30|0x0000000086400000, 0x0000000086400000, 0x0000000086500000|  0%| F|  |TAMS 0x0000000086400000| PB 0x0000000086400000| Untracked 
|  31|0x0000000086500000, 0x0000000086500000, 0x0000000086600000|  0%| F|  |TAMS 0x0000000086500000| PB 0x0000000086500000| Untracked 
|  32|0x0000000086600000, 0x0000000086600000, 0x0000000086700000|  0%| F|  |TAMS 0x0000000086600000| PB 0x0000000086600000| Untracked 
|  33|0x0000000086700000, 0x0000000086700000, 0x0000000086800000|  0%| F|  |TAMS 0x0000000086700000| PB 0x0000000086700000| Untracked 
|  34|0x0000000086800000, 0x0000000086800000, 0x0000000086900000|  0%| F|  |TAMS 0x0000000086800000| PB 0x0000000086800000| Untracked 
|  35|0x0000000086900000, 0x0000000086900000, 0x0000000086a00000|  0%| F|  |TAMS 0x0000000086900000| PB 0x0000000086900000| Untracked 
|  36|0x0000000086a00000, 0x0000000086a00000, 0x0000000086b00000|  0%| F|  |TAMS 0x0000000086a00000| PB 0x0000000086a00000| Untracked 
|  37|0x0000000086b00000, 0x0000000086b00000, 0x0000000086c00000|  0%| F|  |TAMS 0x0000000086b00000| PB 0x0000000086b00000| Untracked 
|  38|0x0000000086c00000, 0x0000000086c00000, 0x0000000086d00000|  0%| F|  |TAMS 0x0000000086c00000| PB 0x0000000086c00000| Untracked 
|  39|0x0000000086d00000, 0x0000000086d00000, 0x0000000086e00000|  0%| F|  |TAMS 0x0000000086d00000| PB 0x0000000086d00000| Untracked 
|  40|0x0000000086e00000, 0x0000000086e00000, 0x0000000086f00000|  0%| F|  |TAMS 0x0000000086e00000| PB 0x0000000086e00000| Untracked 
|  41|0x0000000086f00000, 0x0000000086f00000, 0x0000000087000000|  0%| F|  |TAMS 0x0000000086f00000| PB 0x0000000086f00000| Untracked 
|  42|0x0000000087000000, 0x0000000087000000, 0x0000000087100000|  0%| F|  |TAMS 0x0000000087000000| PB 0x0000000087000000| Untracked 
|  43|0x0000000087100000, 0x0000000087100000, 0x0000000087200000|  0%| F|  |TAMS 0x0000000087100000| PB 0x0000000087100000| Untracked 
|  44|0x0000000087200000, 0x0000000087200000, 0x0000000087300000|  0%| F|  |TAMS 0x0000000087200000| PB 0x0000000087200000| Untracked 
|  45|0x0000000087300000, 0x0000000087300000, 0x0000000087400000|  0%| F|  |TAMS 0x0000000087300000| PB 0x0000000087300000| Untracked 
|  46|0x0000000087400000, 0x0000000087400000, 0x0000000087500000|  0%| F|  |TAMS 0x0000000087400000| PB 0x0000000087400000| Untracked 
|  47|0x0000000087500000, 0x0000000087500000, 0x0000000087600000|  0%| F|  |TAMS 0x0000000087500000| PB 0x0000000087500000| Untracked 
|  48|0x0000000087600000, 0x0000000087600000, 0x0000000087700000|  0%| F|  |TAMS 0x0000000087600000| PB 0x0000000087600000| Untracked 
|  49|0x0000000087700000, 0x0000000087700000, 0x0000000087800000|  0%| F|  |TAMS 0x0000000087700000| PB 0x0000000087700000| Untracked 
|  50|0x0000000087800000, 0x0000000087800000, 0x0000000087900000|  0%| F|  |TAMS 0x0000000087800000| PB 0x0000000087800000| Untracked 
|  51|0x0000000087900000, 0x0000000087900000, 0x0000000087a00000|  0%| F|  |TAMS 0x0000000087900000| PB 0x0000000087900000| Untracked 
|  52|0x0000000087a00000, 0x0000000087a00000, 0x0000000087b00000|  0%| F|  |TAMS 0x0000000087a00000| PB 0x0000000087a00000| Untracked 
|  53|0x0000000087b00000, 0x0000000087b00000, 0x0000000087c00000|  0%| F|  |TAMS 0x0000000087b00000| PB 0x0000000087b00000| Untracked 
|  54|0x0000000087c00000, 0x0000000087c00000, 0x0000000087d00000|  0%| F|  |TAMS 0x0000000087c00000| PB 0x0000000087c00000| Untracked 
|  55|0x0000000087d00000, 0x0000000087d00000, 0x0000000087e00000|  0%| F|  |TAMS 0x0000000087d00000| PB 0x0000000087d00000| Untracked 
|  56|0x0000000087e00000, 0x0000000087e00000, 0x0000000087f00000|  0%| F|  |TAMS 0x0000000087e00000| PB 0x0000000087e00000| Untracked 
|  57|0x0000000087f00000, 0x0000000087f00000, 0x0000000088000000|  0%| F|  |TAMS 0x0000000087f00000| PB 0x0000000087f00000| Untracked 
|  58|0x0000000088000000, 0x0000000088000000, 0x0000000088100000|  0%| F|  |TAMS 0x0000000088000000| PB 0x0000000088000000| Untracked 
|  59|0x0000000088100000, 0x0000000088100000, 0x0000000088200000|  0%| F|  |TAMS 0x0000000088100000| PB 0x0000000088100000| Untracked 
|  60|0x0000000088200000, 0x0000000088200000, 0x0000000088300000|  0%| F|  |TAMS 0x0000000088200000| PB 0x0000000088200000| Untracked 
|  61|0x0000000088300000, 0x0000000088300000, 0x0000000088400000|  0%| F|  |TAMS 0x0000000088300000| PB 0x0000000088300000| Untracked 
|  62|0x0000000088400000, 0x0000000088400000, 0x0000000088500000|  0%| F|  |TAMS 0x0000000088400000| PB 0x0000000088400000| Untracked 
|  63|0x0000000088500000, 0x0000000088500000, 0x0000000088600000|  0%| F|  |TAMS 0x0000000088500000| PB 0x0000000088500000| Untracked 
|  64|0x0000000088600000, 0x0000000088600000, 0x0000000088700000|  0%| F|  |TAMS 0x0000000088600000| PB 0x0000000088600000| Untracked 
|  65|0x0000000088700000, 0x0000000088700000, 0x0000000088800000|  0%| F|  |TAMS 0x0000000088700000| PB 0x0000000088700000| Untracked 
|  66|0x0000000088800000, 0x0000000088800000, 0x0000000088900000|  0%| F|  |TAMS 0x0000000088800000| PB 0x0000000088800000| Untracked 
|  67|0x0000000088900000, 0x0000000088900000, 0x0000000088a00000|  0%| F|  |TAMS 0x0000000088900000| PB 0x0000000088900000| Untracked 
|  68|0x0000000088a00000, 0x0000000088a00000, 0x0000000088b00000|  0%| F|  |TAMS 0x0000000088a00000| PB 0x0000000088a00000| Untracked 
|  69|0x0000000088b00000, 0x0000000088b00000, 0x0000000088c00000|  0%| F|  |TAMS 0x0000000088b00000| PB 0x0000000088b00000| Untracked 
|  70|0x0000000088c00000, 0x0000000088c00000, 0x0000000088d00000|  0%| F|  |TAMS 0x0000000088c00000| PB 0x0000000088c00000| Untracked 
|  71|0x0000000088d00000, 0x0000000088d00000, 0x0000000088e00000|  0%| F|  |TAMS 0x0000000088d00000| PB 0x0000000088d00000| Untracked 
|  72|0x0000000088e00000, 0x0000000088e00000, 0x0000000088f00000|  0%| F|  |TAMS 0x0000000088e00000| PB 0x0000000088e00000| Untracked 
|  73|0x0000000088f00000, 0x0000000088f00000, 0x0000000089000000|  0%| F|  |TAMS 0x0000000088f00000| PB 0x0000000088f00000| Untracked 
|  74|0x0000000089000000, 0x0000000089000000, 0x0000000089100000|  0%| F|  |TAMS 0x0000000089000000| PB 0x0000000089000000| Untracked 
|  75|0x0000000089100000, 0x0000000089100000, 0x0000000089200000|  0%| F|  |TAMS 0x0000000089100000| PB 0x0000000089100000| Untracked 
|  76|0x0000000089200000, 0x0000000089200000, 0x0000000089300000|  0%| F|  |TAMS 0x0000000089200000| PB 0x0000000089200000| Untracked 
|  77|0x0000000089300000, 0x0000000089300000, 0x0000000089400000|  0%| F|  |TAMS 0x0000000089300000| PB 0x0000000089300000| Untracked 
|  78|0x0000000089400000, 0x0000000089400000, 0x0000000089500000|  0%| F|  |TAMS 0x0000000089400000| PB 0x0000000089400000| Untracked 
|  79|0x0000000089500000, 0x0000000089500000, 0x0000000089600000|  0%| F|  |TAMS 0x0000000089500000| PB 0x0000000089500000| Untracked 
|  80|0x0000000089600000, 0x0000000089600000, 0x0000000089700000|  0%| F|  |TAMS 0x0000000089600000| PB 0x0000000089600000| Untracked 
|  81|0x0000000089700000, 0x0000000089700000, 0x0000000089800000|  0%| F|  |TAMS 0x0000000089700000| PB 0x0000000089700000| Untracked 
|  82|0x0000000089800000, 0x0000000089800000, 0x0000000089900000|  0%| F|  |TAMS 0x0000000089800000| PB 0x0000000089800000| Untracked 
|  83|0x0000000089900000, 0x0000000089900000, 0x0000000089a00000|  0%| F|  |TAMS 0x0000000089900000| PB 0x0000000089900000| Untracked 
|  84|0x0000000089a00000, 0x0000000089a00000, 0x0000000089b00000|  0%| F|  |TAMS 0x0000000089a00000| PB 0x0000000089a00000| Untracked 
|  85|0x0000000089b00000, 0x0000000089b00000, 0x0000000089c00000|  0%| F|  |TAMS 0x0000000089b00000| PB 0x0000000089b00000| Untracked 
|  86|0x0000000089c00000, 0x0000000089c00000, 0x0000000089d00000|  0%| F|  |TAMS 0x0000000089c00000| PB 0x0000000089c00000| Untracked 
|  87|0x0000000089d00000, 0x0000000089d00000, 0x0000000089e00000|  0%| F|  |TAMS 0x0000000089d00000| PB 0x0000000089d00000| Untracked 
|  88|0x0000000089e00000, 0x0000000089e00000, 0x0000000089f00000|  0%| F|  |TAMS 0x0000000089e00000| PB 0x0000000089e00000| Untracked 
|  89|0x0000000089f00000, 0x0000000089f00000, 0x000000008a000000|  0%| F|  |TAMS 0x0000000089f00000| PB 0x0000000089f00000| Untracked 
|  90|0x000000008a000000, 0x000000008a000000, 0x000000008a100000|  0%| F|  |TAMS 0x000000008a000000| PB 0x000000008a000000| Untracked 
|  91|0x000000008a100000, 0x000000008a100000, 0x000000008a200000|  0%| F|  |TAMS 0x000000008a100000| PB 0x000000008a100000| Untracked 
|  92|0x000000008a200000, 0x000000008a200000, 0x000000008a300000|  0%| F|  |TAMS 0x000000008a200000| PB 0x000000008a200000| Untracked 
|  93|0x000000008a300000, 0x000000008a300000, 0x000000008a400000|  0%| F|  |TAMS 0x000000008a300000| PB 0x000000008a300000| Untracked 
|  94|0x000000008a400000, 0x000000008a400000, 0x000000008a500000|  0%| F|  |TAMS 0x000000008a400000| PB 0x000000008a400000| Untracked 
|  95|0x000000008a500000, 0x000000008a500000, 0x000000008a600000|  0%| F|  |TAMS 0x000000008a500000| PB 0x000000008a500000| Untracked 
|  96|0x000000008a600000, 0x000000008a600000, 0x000000008a700000|  0%| F|  |TAMS 0x000000008a600000| PB 0x000000008a600000| Untracked 
|  97|0x000000008a700000, 0x000000008a700000, 0x000000008a800000|  0%| F|  |TAMS 0x000000008a700000| PB 0x000000008a700000| Untracked 
|  98|0x000000008a800000, 0x000000008a800000, 0x000000008a900000|  0%| F|  |TAMS 0x000000008a800000| PB 0x000000008a800000| Untracked 
|  99|0x000000008a900000, 0x000000008a900000, 0x000000008aa00000|  0%| F|  |TAMS 0x000000008a900000| PB 0x000000008a900000| Untracked 
| 100|0x000000008aa00000, 0x000000008aa00000, 0x000000008ab00000|  0%| F|  |TAMS 0x000000008aa00000| PB 0x000000008aa00000| Untracked 
| 101|0x000000008ab00000, 0x000000008ab00000, 0x000000008ac00000|  0%| F|  |TAMS 0x000000008ab00000| PB 0x000000008ab00000| Untracked 
| 102|0x000000008ac00000, 0x000000008ac00000, 0x000000008ad00000|  0%| F|  |TAMS 0x000000008ac00000| PB 0x000000008ac00000| Untracked 
| 103|0x000000008ad00000, 0x000000008ad00000, 0x000000008ae00000|  0%| F|  |TAMS 0x000000008ad00000| PB 0x000000008ad00000| Untracked 
| 104|0x000000008ae00000, 0x000000008ae00000, 0x000000008af00000|  0%| F|  |TAMS 0x000000008ae00000| PB 0x000000008ae00000| Untracked 
| 105|0x000000008af00000, 0x000000008af00000, 0x000000008b000000|  0%| F|  |TAMS 0x000000008af00000| PB 0x000000008af00000| Untracked 
| 106|0x000000008b000000, 0x000000008b000000, 0x000000008b100000|  0%| F|  |TAMS 0x000000008b000000| PB 0x000000008b000000| Untracked 
| 107|0x000000008b100000, 0x000000008b100000, 0x000000008b200000|  0%| F|  |TAMS 0x000000008b100000| PB 0x000000008b100000| Untracked 
| 108|0x000000008b200000, 0x000000008b200000, 0x000000008b300000|  0%| F|  |TAMS 0x000000008b200000| PB 0x000000008b200000| Untracked 
| 109|0x000000008b300000, 0x000000008b300000, 0x000000008b400000|  0%| F|  |TAMS 0x000000008b300000| PB 0x000000008b300000| Untracked 
| 110|0x000000008b400000, 0x000000008b400000, 0x000000008b500000|  0%| F|  |TAMS 0x000000008b400000| PB 0x000000008b400000| Untracked 
| 111|0x000000008b500000, 0x000000008b500000, 0x000000008b600000|  0%| F|  |TAMS 0x000000008b500000| PB 0x000000008b500000| Untracked 
| 112|0x000000008b600000, 0x000000008b600000, 0x000000008b700000|  0%| F|  |TAMS 0x000000008b600000| PB 0x000000008b600000| Untracked 
| 113|0x000000008b700000, 0x000000008b700000, 0x000000008b800000|  0%| F|  |TAMS 0x000000008b700000| PB 0x000000008b700000| Untracked 
| 114|0x000000008b800000, 0x000000008b800000, 0x000000008b900000|  0%| F|  |TAMS 0x000000008b800000| PB 0x000000008b800000| Untracked 
| 115|0x000000008b900000, 0x000000008b900000, 0x000000008ba00000|  0%| F|  |TAMS 0x000000008b900000| PB 0x000000008b900000| Untracked 
| 116|0x000000008ba00000, 0x000000008ba00000, 0x000000008bb00000|  0%| F|  |TAMS 0x000000008ba00000| PB 0x000000008ba00000| Untracked 
| 117|0x000000008bb00000, 0x000000008bb00000, 0x000000008bc00000|  0%| F|  |TAMS 0x000000008bb00000| PB 0x000000008bb00000| Untracked 
| 118|0x000000008bc00000, 0x000000008bc00000, 0x000000008bd00000|  0%| F|  |TAMS 0x000000008bc00000| PB 0x000000008bc00000| Untracked 
| 119|0x000000008bd00000, 0x000000008bd00000, 0x000000008be00000|  0%| F|  |TAMS 0x000000008bd00000| PB 0x000000008bd00000| Untracked 
| 120|0x000000008be00000, 0x000000008be00000, 0x000000008bf00000|  0%| F|  |TAMS 0x000000008be00000| PB 0x000000008be00000| Untracked 
| 121|0x000000008bf00000, 0x000000008bf76440, 0x000000008c000000| 46%| E|  |TAMS 0x000000008bf00000| PB 0x000000008bf00000| Complete 
| 122|0x000000008c000000, 0x000000008c100000, 0x000000008c100000|100%| E|CS|TAMS 0x000000008c000000| PB 0x000000008c000000| Complete 
| 123|0x000000008c100000, 0x000000008c200000, 0x000000008c200000|100%| E|CS|TAMS 0x000000008c100000| PB 0x000000008c100000| Complete 

Card table byte_map: [0x0000025f56f10000,0x0000025f572f0000] _byte_map_base: 0x0000025f56aed000

Marking Bits: (CMBitMap*) 0x0000025f3d2bdc70
 Bits: [0x0000025f572f0000, 0x0000025f591d8000)

Polling page: 0x0000025f3cf80000

Metaspace:

Usage:
  Non-class:    327.84 KB used.
      Class:     18.40 KB used.
       Both:    346.23 KB used.

Virtual space:
  Non-class space:       64.00 MB reserved,     384.00 KB ( <1%) committed,  1 nodes.
      Class space:        1.00 GB reserved,     128.00 KB ( <1%) committed,  1 nodes.
             Both:        1.06 GB reserved,     512.00 KB ( <1%) committed. 

Chunk freelists:
   Non-Class:  11.98 MB
       Class:  15.74 MB
        Both:  27.73 MB

MaxMetaspaceSize: unlimited
CompressedClassSpaceSize: 1.00 GB
Initial GC threshold: 21.00 MB
Current GC threshold: 21.00 MB
CDS: on
 - commit_granule_bytes: 65536.
 - commit_granule_words: 8192.
 - virtual_space_node_default_size: 8388608.
 - enlarge_chunks_in_place: 1.
 - use_allocation_guard: 0.


Internal statistics:

num_allocs_failed_limit: 0.
num_arena_births: 16.
num_arena_deaths: 0.
num_vsnodes_births: 2.
num_vsnodes_deaths: 0.
num_space_committed: 8.
num_space_uncommitted: 0.
num_chunks_returned_to_freelist: 0.
num_chunks_taken_from_freelist: 17.
num_chunk_merges: 0.
num_chunk_splits: 11.
num_chunks_enlarged: 6.
num_inconsistent_stats: 0.

CodeHeap 'non-profiled nmethods': size=120000Kb used=60Kb max_used=60Kb free=119939Kb
 bounds [0x0000025f4e960000, 0x0000025f4ebd0000, 0x0000025f55e90000]
CodeHeap 'profiled nmethods': size=120000Kb used=203Kb max_used=203Kb free=119796Kb
 bounds [0x0000025f46e90000, 0x0000025f47100000, 0x0000025f4e3c0000]
CodeHeap 'non-nmethods': size=5760Kb used=1267Kb max_used=1267Kb free=4492Kb
 bounds [0x0000025f4e3c0000, 0x0000025f4e630000, 0x0000025f4e960000]
 total_blobs=576 nmethods=189 adapters=292
 compilation: enabled
              stopped_count=0, restarted_count=0
 full_count=0

Compilation events (20 events):
Event: 0.078 Thread 0x0000025f5bea46e0  147       1       java.lang.module.ResolvedModule::reference (5 bytes)
Event: 0.078 Thread 0x0000025f5bea46e0 nmethod 147 0x0000025f4e96c110 code [0x0000025f4e96c2a0, 0x0000025f4e96c368]
Event: 0.078 Thread 0x0000025f5bea1800 nmethod 134 0x0000025f4e96c410 code [0x0000025f4e96c5a0, 0x0000025f4e96c790]
Event: 0.078 Thread 0x0000025f5bea46e0  152       3       java.util.AbstractSet::<init> (5 bytes)
Event: 0.078 Thread 0x0000025f5bea1800  140       4       java.util.HashMap::putVal (300 bytes)
Event: 0.078 Thread 0x0000025f5bea46e0 nmethod 152 0x0000025f46eb6b90 code [0x0000025f46eb6d40, 0x0000025f46eb6f08]
Event: 0.079 Thread 0x0000025f5bea46e0  153       3       java.util.HashSet::<init> (16 bytes)
Event: 0.079 Thread 0x0000025f5bea46e0 nmethod 153 0x0000025f46eb7010 code [0x0000025f46eb71e0, 0x0000025f46eb75f0]
Event: 0.079 Thread 0x0000025f5bea46e0  154       3       java.util.HashMap$HashIterator::<init> (79 bytes)
Event: 0.079 Thread 0x0000025f5bea46e0 nmethod 154 0x0000025f46eb7790 code [0x0000025f46eb7960, 0x0000025f46eb7d98]
Event: 0.079 Thread 0x0000025f5bea46e0  156       3       java.util.HashMap::isEmpty (13 bytes)
Event: 0.079 Thread 0x0000025f5bea46e0 nmethod 156 0x0000025f46eb7f10 code [0x0000025f46eb80a0, 0x0000025f46eb8210]
Event: 0.079 Thread 0x0000025f5bea46e0  158       3       java.lang.module.ResolvedModule::name (11 bytes)
Event: 0.080 Thread 0x0000025f5bea46e0 nmethod 158 0x0000025f46eb8290 code [0x0000025f46eb8440, 0x0000025f46eb85a0]
Event: 0.080 Thread 0x0000025f5bea46e0  157       1       java.lang.module.ResolvedModule::configuration (5 bytes)
Event: 0.080 Thread 0x0000025f5bea46e0 nmethod 157 0x0000025f4e96cd10 code [0x0000025f4e96cea0, 0x0000025f4e96cf68]
Event: 0.080 Thread 0x0000025f5bea46e0  159       1       java.lang.module.ModuleDescriptor::isOpen (5 bytes)
Event: 0.080 Thread 0x0000025f5bea46e0 nmethod 159 0x0000025f4e96d010 code [0x0000025f4e96d1a0, 0x0000025f4e96d270]
Event: 0.080 Thread 0x0000025f5bea46e0  160       1       java.util.HashMap::size (5 bytes)
Event: 0.080 Thread 0x0000025f5bea46e0 nmethod 160 0x0000025f4e96d310 code [0x0000025f4e96d4a0, 0x0000025f4e96d568]

GC Heap History (0 events):
No events

Dll operation events (2 events):
Event: 0.010 Loaded shared library C:\Program Files\Java\jdk-21\bin\java.dll
Event: 0.046 Loaded shared library C:\Program Files\Java\jdk-21\bin\jsvml.dll

Deoptimization events (0 events):
No events

Classes loaded (4 events):
Event: 0.041 Loading class sun/nio/cs/UTF_8$Encoder
Event: 0.041 Loading class sun/nio/cs/UTF_8$Encoder done
Event: 0.069 Loading class jdk/internal/module/ModuleReferenceImpl$CachedHash
Event: 0.069 Loading class jdk/internal/module/ModuleReferenceImpl$CachedHash done

Classes unloaded (0 events):
No events

Classes redefined (0 events):
No events

Internal exceptions (0 events):
No events

ZGC Phase Switch (0 events):
No events

VM Operations (2 events):
Event: 0.069 Executing VM operation: HandshakeAllThreads (Deoptimize)
Event: 0.069 Executing VM operation: HandshakeAllThreads (Deoptimize) done

Events (10 events):
Event: 0.026 Thread 0x0000025f3d263ef0 Thread added: 0x0000025f3d263ef0
Event: 0.043 Thread 0x0000025f5be939b0 Thread added: 0x0000025f5be939b0
Event: 0.043 Thread 0x0000025f5be956e0 Thread added: 0x0000025f5be956e0
Event: 0.043 Thread 0x0000025f5be972b0 Thread added: 0x0000025f5be972b0
Event: 0.043 Thread 0x0000025f5be97f90 Thread added: 0x0000025f5be97f90
Event: 0.043 Thread 0x0000025f5be99210 Thread added: 0x0000025f5be99210
Event: 0.043 Thread 0x0000025f5be99c70 Thread added: 0x0000025f5be99c70
Event: 0.043 Thread 0x0000025f5bea1800 Thread added: 0x0000025f5bea1800
Event: 0.043 Thread 0x0000025f5bea46e0 Thread added: 0x0000025f5bea46e0
Event: 0.063 Thread 0x0000025fa11dd810 Thread added: 0x0000025fa11dd810


Dynamic libraries:
0x00007ff7cd4a0000 - 0x00007ff7cd4b0000 	C:\Program Files\Java\jdk-21\bin\java.exe
0x00007ff9e95d0000 - 0x00007ff9e97c8000 	C:\Windows\SYSTEM32\ntdll.dll
0x00007ff9e78b0000 - 0x00007ff9e796d000 	C:\Windows\System32\KERNEL32.DLL
0x00007ff9e7080000 - 0x00007ff9e7376000 	C:\Windows\System32\KERNELBASE.dll
0x00007ff9e7420000 - 0x00007ff9e7520000 	C:\Windows\System32\ucrtbase.dll
0x00007ff9e2cc0000 - 0x00007ff9e2cdb000 	C:\Program Files\Java\jdk-21\bin\VCRUNTIME140.dll
0x00007ff9e2ca0000 - 0x00007ff9e2cb9000 	C:\Program Files\Java\jdk-21\bin\jli.dll
0x00007ff9e8460000 - 0x00007ff9e8510000 	C:\Windows\System32\ADVAPI32.dll
0x00007ff9e8840000 - 0x00007ff9e88de000 	C:\Windows\System32\msvcrt.dll
0x00007ff9e7600000 - 0x00007ff9e76a0000 	C:\Windows\System32\sechost.dll
0x00007ff9e88e0000 - 0x00007ff9e8a03000 	C:\Windows\System32\RPCRT4.dll
0x00007ff9e6cf0000 - 0x00007ff9e6d17000 	C:\Windows\System32\bcrypt.dll
0x00007ff9e80f0000 - 0x00007ff9e828f000 	C:\Windows\System32\USER32.dll
0x00007ff9c95c0000 - 0x00007ff9c985a000 	C:\Windows\WinSxS\amd64_microsoft.windows.common-controls_6595b64144ccf1df_6.0.19041.4355_none_60b8b9eb71f62e16\COMCTL32.dll
0x00007ff9e6ef0000 - 0x00007ff9e6f12000 	C:\Windows\System32\win32u.dll
0x00007ff9e8370000 - 0x00007ff9e839b000 	C:\Windows\System32\GDI32.dll
0x00007ff9e6dd0000 - 0x00007ff9e6ee7000 	C:\Windows\System32\gdi32full.dll
0x00007ff9e7380000 - 0x00007ff9e741d000 	C:\Windows\System32\msvcp_win.dll
0x00007ff9e0d10000 - 0x00007ff9e0d1a000 	C:\Windows\SYSTEM32\VERSION.dll
0x00007ff9e8800000 - 0x00007ff9e8832000 	C:\Windows\System32\IMM32.DLL
0x00007ff9e3b70000 - 0x00007ff9e3b7c000 	C:\Program Files\Java\jdk-21\bin\vcruntime140_1.dll
0x00007ff99c9e0000 - 0x00007ff99ca6e000 	C:\Program Files\Java\jdk-21\bin\msvcp140.dll
0x00007ff981d00000 - 0x00007ff982a15000 	C:\Program Files\Java\jdk-21\bin\server\jvm.dll
0x00007ff9e8780000 - 0x00007ff9e87eb000 	C:\Windows\System32\WS2_32.dll
0x00007ff9e6a20000 - 0x00007ff9e6a6b000 	C:\Windows\SYSTEM32\POWRPROF.dll
0x00007ff9d1f80000 - 0x00007ff9d1fa7000 	C:\Windows\SYSTEM32\WINMM.dll
0x00007ff9e6a00000 - 0x00007ff9e6a12000 	C:\Windows\SYSTEM32\UMPDC.dll
0x00007ff9e4940000 - 0x00007ff9e4952000 	C:\Windows\SYSTEM32\kernel.appcore.dll
0x00007ff9e3a40000 - 0x00007ff9e3a4a000 	C:\Program Files\Java\jdk-21\bin\jimage.dll
0x00007ff9d0880000 - 0x00007ff9d0a64000 	C:\Windows\SYSTEM32\DBGHELP.DLL
0x00007ff9cf760000 - 0x00007ff9cf794000 	C:\Windows\SYSTEM32\dbgcore.DLL
0x00007ff9e7520000 - 0x00007ff9e75a2000 	C:\Windows\System32\bcryptPrimitives.dll
0x00007ff9e39e0000 - 0x00007ff9e39ef000 	C:\Program Files\Java\jdk-21\bin\instrument.dll
0x00007ff9e2c30000 - 0x00007ff9e2c4f000 	C:\Program Files\Java\jdk-21\bin\java.dll
0x00007ff9e7980000 - 0x00007ff9e80eb000 	C:\Windows\System32\SHELL32.dll
0x00007ff9e4b40000 - 0x00007ff9e52dd000 	C:\Windows\SYSTEM32\windows.storage.dll
0x00007ff9e9060000 - 0x00007ff9e93b3000 	C:\Windows\System32\combase.dll
0x00007ff9e6630000 - 0x00007ff9e665e000 	C:\Windows\SYSTEM32\Wldp.dll
0x00007ff9e8f30000 - 0x00007ff9e8ffd000 	C:\Windows\System32\OLEAUT32.dll
0x00007ff9e8e80000 - 0x00007ff9e8f2d000 	C:\Windows\System32\SHCORE.dll
0x00007ff9e9000000 - 0x00007ff9e9055000 	C:\Windows\System32\shlwapi.dll
0x00007ff9e6bb0000 - 0x00007ff9e6bd4000 	C:\Windows\SYSTEM32\profapi.dll
0x00007ff995b50000 - 0x00007ff995c27000 	C:\Program Files\Java\jdk-21\bin\jsvml.dll
0x00007ff9e0c40000 - 0x00007ff9e0c58000 	C:\Program Files\Java\jdk-21\bin\zip.dll
0x00007ff9e3920000 - 0x00007ff9e3930000 	C:\Program Files\Java\jdk-21\bin\net.dll
0x00007ff9e00b0000 - 0x00007ff9e01ba000 	C:\Windows\SYSTEM32\WINHTTP.dll
0x00007ff9e6330000 - 0x00007ff9e639a000 	C:\Windows\system32\mswsock.dll
0x00007ff9e2c10000 - 0x00007ff9e2c26000 	C:\Program Files\Java\jdk-21\bin\nio.dll

dbghelp: loaded successfully - version: 4.0.5 - missing functions: none
symbol engine: initialized successfully - sym options: 0x614 - pdb path: (cannot be retrieved)

VM Arguments:
jvm_args: -javaagent:C:\Program Files\JetBrains\IntelliJ IDEA Community Edition 2023.3.2\lib\idea_rt.jar=58731:C:\Program Files\JetBrains\IntelliJ IDEA Community Edition 2023.3.2\bin -Dfile.encoding=UTF-8 -Dsun.stdout.encoding=UTF-8 -Dsun.stderr.encoding=UTF-8 
java_command: Condicional
java_class_path (initial): C:\Users\aluno\Downloads\LearningJava-main\out\production\LearningJava-main
Launcher Type: SUN_STANDARD

[Global flags]
     intx CICompilerCount                          = 4                                         {product} {ergonomic}
     uint ConcGCThreads                            = 3                                         {product} {ergonomic}
     uint G1ConcRefinementThreads                  = 10                                        {product} {ergonomic}
   size_t G1HeapRegionSize                         = 1048576                                   {product} {ergonomic}
    uintx GCDrainStackTargetSize                   = 64                                        {product} {ergonomic}
   size_t InitialHeapSize                          = 130023424                                 {product} {ergonomic}
   size_t MarkStackSize                            = 4194304                                   {product} {ergonomic}
   size_t MaxHeapSize                              = 2074083328                                {product} {ergonomic}
   size_t MaxNewSize                               = 1243611136                                {product} {ergonomic}
   size_t MinHeapDeltaBytes                        = 1048576                                   {product} {ergonomic}
   size_t MinHeapSize                              = 8388608                                   {product} {ergonomic}
    uintx NonNMethodCodeHeapSize                   = 5839372                                {pd product} {ergonomic}
    uintx NonProfiledCodeHeapSize                  = 122909434                              {pd product} {ergonomic}
    uintx ProfiledCodeHeapSize                     = 122909434                              {pd product} {ergonomic}
    uintx ReservedCodeCacheSize                    = 251658240                              {pd product} {ergonomic}
     bool SegmentedCodeCache                       = true                                      {product} {ergonomic}
   size_t SoftMaxHeapSize                          = 2074083328                             {manageable} {ergonomic}
     bool UseCompressedOops                        = true                           {product lp64_product} {ergonomic}
     bool UseG1GC                                  = true                                      {product} {ergonomic}
     bool UseLargePagesIndividualAllocation        = false                                  {pd product} {ergonomic}

Logging:
Log output configuration:
 #0: stdout all=warning uptime,level,tags foldmultilines=false
 #1: stderr all=off uptime,level,tags foldmultilines=false

Environment Variables:
JAVA_HOME=C:\Program Files\Java\jdk-21
PATH=C:\Program Files\Common Files\Oracle\Java\javapath;C:\Program Files (x86)\Common Files\Oracle\Java\javapath;C:\Windows\system32;C:\Windows;C:\Windows\System32\Wbem;C:\Windows\System32\WindowsPowerShell\v1.0\;C:\Windows\System32\OpenSSH\;C:\Program Files\dotnet\;C:\Program Files\Microsoft VS Code\bin;C:\Program Files\Java\jdk-21\bin;C:\apache-maven-3.9.5-bin\apache-maven-3.9.5\bin;C:\Program Files\Git\cmd;C:\Program Files\nodejs\;C:\Users\aluno\AppData\Local\Microsoft\WindowsApps;C:\Users\aluno\AppData\Local\GitHubDesktop\bin;C:\Users\aluno\AppData\Roaming\npm
USERNAME=aluno
OS=Windows_NT
PROCESSOR_IDENTIFIER=Intel64 Family 6 Model 165 Stepping 3, GenuineIntel
TMP=C:\Users\aluno\AppData\Local\Temp
TEMP=C:\Users\aluno\AppData\Local\Temp




Periodic native trim disabled

---------------  S Y S T E M  ---------------

OS:
 Windows 10 , 64 bit Build 19041 (10.0.19041.3636)
OS uptime: 5 days 22:27 hours

CPU: total 12 (initial active 12) (6 cores per cpu, 2 threads per core) family 6 model 165 stepping 3 microcode 0xf0, cx8, cmov, fxsr, ht, mmx, 3dnowpref, sse, sse2, sse3, ssse3, sse4.1, sse4.2, popcnt, lzcnt, tsc, tscinvbit, avx, avx2, aes, erms, clmul, bmi1, bmi2, adx, fma, vzeroupper, clflush, clflushopt, rdtscp, f16c
Processor Information for all 12 processors :
  Max Mhz: 2304, Current Mhz: 2304, Mhz Limit: 2304

Memory: 4k page, system-wide physical 7906M (779M free)
TotalPageFile size 12002M (AvailPageFile size 4M)
current process WorkingSet (physical memory assigned to process): 36M, peak: 36M
current process commit charge ("private bytes"): 209M, peak: 209M

vm_info: Java HotSpot(TM) 64-Bit Server VM (21.0.1+12-LTS-29) for windows-amd64 JRE (21.0.1+12-LTS-29), built on 2023-10-05T13:27:09Z by "mach5one" with MS VC++ 17.1 (VS2022)

END.
